<?xml version="1.0" encoding="UTF-8"?>
<testsuites>
  <testsuite name="fastlane.lanes">
    
    
    
      
      <testcase classname="fastlane.lanes" name="0: default_platform" time="0.000195528">
        
      </testcase>
    
      
      <testcase classname="fastlane.lanes" name="1: publishToSonatype closeAndReleaseSonatypeStagingRepository" time="26.272469135">
        
          <failure message="/var/lib/gems/2.7.0/gems/fastlane-2.193.1/fastlane/lib/fastlane/actions/actions_helper.rb:67:in `execute_action'&#10;/var/lib/gems/2.7.0/gems/fastlane-2.193.1/fastlane/lib/fastlane/runner.rb:255:in `block in execute_action'&#10;/var/lib/gems/2.7.0/gems/fastlane-2.193.1/fastlane/lib/fastlane/runner.rb:229:in `chdir'&#10;/var/lib/gems/2.7.0/gems/fastlane-2.193.1/fastlane/lib/fastlane/runner.rb:229:in `execute_action'&#10;/var/lib/gems/2.7.0/gems/fastlane-2.193.1/fastlane/lib/fastlane/runner.rb:157:in `trigger_action_by_name'&#10;/var/lib/gems/2.7.0/gems/fastlane-2.193.1/fastlane/lib/fastlane/fast_file.rb:159:in `method_missing'&#10;Fastfile:22:in `block (2 levels) in parsing_binding'&#10;/var/lib/gems/2.7.0/gems/fastlane-2.193.1/fastlane/lib/fastlane/lane.rb:33:in `call'&#10;/var/lib/gems/2.7.0/gems/fastlane-2.193.1/fastlane/lib/fastlane/runner.rb:49:in `block in execute'&#10;/var/lib/gems/2.7.0/gems/fastlane-2.193.1/fastlane/lib/fastlane/runner.rb:45:in `chdir'&#10;/var/lib/gems/2.7.0/gems/fastlane-2.193.1/fastlane/lib/fastlane/runner.rb:45:in `execute'&#10;/var/lib/gems/2.7.0/gems/fastlane-2.193.1/fastlane/lib/fastlane/lane_manager.rb:47:in `cruise_lane'&#10;/var/lib/gems/2.7.0/gems/fastlane-2.193.1/fastlane/lib/fastlane/command_line_handler.rb:36:in `handle'&#10;/var/lib/gems/2.7.0/gems/fastlane-2.193.1/fastlane/lib/fastlane/commands_generator.rb:109:in `block (2 levels) in run'&#10;/var/lib/gems/2.7.0/gems/commander-4.6.0/lib/commander/command.rb:187:in `call'&#10;/var/lib/gems/2.7.0/gems/commander-4.6.0/lib/commander/command.rb:157:in `run'&#10;/var/lib/gems/2.7.0/gems/commander-4.6.0/lib/commander/runner.rb:444:in `run_active_command'&#10;/var/lib/gems/2.7.0/gems/fastlane-2.193.1/fastlane_core/lib/fastlane_core/ui/fastlane_runner.rb:117:in `run!'&#10;/var/lib/gems/2.7.0/gems/commander-4.6.0/lib/commander/delegates.rb:18:in `run!'&#10;/var/lib/gems/2.7.0/gems/fastlane-2.193.1/fastlane/lib/fastlane/commands_generator.rb:353:in `run'&#10;/var/lib/gems/2.7.0/gems/fastlane-2.193.1/fastlane/lib/fastlane/commands_generator.rb:42:in `start'&#10;/var/lib/gems/2.7.0/gems/fastlane-2.193.1/fastlane/lib/fastlane/cli_tools_distributor.rb:122:in `take_off'&#10;/var/lib/gems/2.7.0/gems/fastlane-2.193.1/bin/fastlane:23:in `&lt;top (required)&gt;'&#10;/usr/local/bin/fastlane:23:in `load'&#10;/usr/local/bin/fastlane:23:in `&lt;main&gt;'&#10;&#10;Exit status of command '/home/sylwester/AndroidStudioProjects/Android-Common-Libraries/gradlew publishToSonatype closeAndReleaseSonatypeStagingRepository -p .' was 1 instead of 0.&#10;&#10;&gt; Configure project :app&#10;ComposeOptions.kotlinCompilerVersion is deprecated. Compose now uses the kotlin compiler defined in your buildscript.&#10;&#10;&gt; Configure project :navigation&#10;ComposeOptions.kotlinCompilerVersion is deprecated. Compose now uses the kotlin compiler defined in your buildscript.&#10;&#10;&gt; Configure project :scanner&#10;ComposeOptions.kotlinCompilerVersion is deprecated. Compose now uses the kotlin compiler defined in your buildscript.&#10;&#10;&gt; Configure project :theme&#10;ComposeOptions.kotlinCompilerVersion is deprecated. Compose now uses the kotlin compiler defined in your buildscript.&#10;&#10;&gt; Task :initializeSonatypeStagingRepository&#10;Created staging repository 'nonordicsemi-1187' at https://oss.sonatype.org/service/local/repositories/nonordicsemi-1187/content/&#10;&#10;&gt; Task :navigation:androidSourcesJar UP-TO-DATE&#10;&gt; Task :navigation:preBuild UP-TO-DATE&#10;&gt; Task :navigation:preReleaseBuild UP-TO-DATE&#10;&gt; Task :navigation:compileReleaseAidl NO-SOURCE&#10;&gt; Task :navigation:mergeReleaseJniLibFolders UP-TO-DATE&#10;&gt; Task :navigation:mergeReleaseNativeLibs NO-SOURCE&#10;&gt; Task :navigation:stripReleaseDebugSymbols NO-SOURCE&#10;&gt; Task :navigation:copyReleaseJniLibsProjectAndLocalJars UP-TO-DATE&#10;&gt; Task :navigation:compileReleaseRenderscript NO-SOURCE&#10;&gt; Task :navigation:generateReleaseBuildConfig UP-TO-DATE&#10;&gt; Task :navigation:generateReleaseResValues UP-TO-DATE&#10;&gt; Task :navigation:generateReleaseResources UP-TO-DATE&#10;&gt; Task :navigation:packageReleaseResources UP-TO-DATE&#10;&gt; Task :navigation:parseReleaseLocalResources UP-TO-DATE&#10;&gt; Task :navigation:processReleaseManifest UP-TO-DATE&#10;&gt; Task :navigation:generateReleaseRFile UP-TO-DATE&#10;&gt; Task :navigation:kaptGenerateStubsReleaseKotlin UP-TO-DATE&#10;&gt; Task :navigation:kaptReleaseKotlin UP-TO-DATE&#10;&gt; Task :navigation:compileReleaseKotlin UP-TO-DATE&#10;&gt; Task :navigation:extractReleaseAnnotations UP-TO-DATE&#10;&gt; Task :navigation:javaPreCompileRelease UP-TO-DATE&#10;&gt; Task :navigation:compileReleaseJavaWithJavac UP-TO-DATE&#10;&gt; Task :navigation:mergeReleaseGeneratedProguardFiles UP-TO-DATE&#10;&gt; Task :navigation:mergeReleaseConsumerProguardFiles UP-TO-DATE&#10;&gt; Task :navigation:mergeReleaseShaders UP-TO-DATE&#10;&gt; Task :navigation:compileReleaseShaders NO-SOURCE&#10;&gt; Task :navigation:generateReleaseAssets UP-TO-DATE&#10;&gt; Task :navigation:packageReleaseAssets UP-TO-DATE&#10;&gt; Task :navigation:packageReleaseRenderscript NO-SOURCE&#10;&gt; Task :navigation:prepareLintJarForPublish UP-TO-DATE&#10;&gt; Task :navigation:prepareReleaseArtProfile UP-TO-DATE&#10;&gt; Task :navigation:processReleaseJavaRes NO-SOURCE&#10;&gt; Task :navigation:mergeReleaseJavaResource UP-TO-DATE&#10;&gt; Task :navigation:transformReleaseClassesWithAsm UP-TO-DATE&#10;&gt; Task :navigation:syncReleaseLibJars UP-TO-DATE&#10;&gt; Task :navigation:writeReleaseAarMetadata UP-TO-DATE&#10;&gt; Task :navigation:bundleReleaseAar UP-TO-DATE&#10;&gt; Task :navigation:generateMetadataFileForReleasePublication&#10;&gt; Task :navigation:generatePomFileForReleasePublication&#10;&gt; Task :navigation:signReleasePublication UP-TO-DATE&#10;&gt; Task :navigation:publishReleasePublicationToSonatypeRepository&#10;&gt; Task :navigation:publishToSonatype&#10;&gt; Task :scanner:androidSourcesJar UP-TO-DATE&#10;&gt; Task :scanner:preBuild UP-TO-DATE&#10;&gt; Task :scanner:preReleaseBuild UP-TO-DATE&#10;&gt; Task :theme:preBuild UP-TO-DATE&#10;&gt; Task :theme:preReleaseBuild UP-TO-DATE&#10;&gt; Task :theme:compileReleaseAidl NO-SOURCE&#10;&gt; Task :scanner:compileReleaseAidl NO-SOURCE&#10;&gt; Task :scanner:mergeReleaseJniLibFolders UP-TO-DATE&#10;&gt; Task :scanner:mergeReleaseNativeLibs NO-SOURCE&#10;&gt; Task :scanner:stripReleaseDebugSymbols NO-SOURCE&#10;&gt; Task :scanner:copyReleaseJniLibsProjectAndLocalJars UP-TO-DATE&#10;&gt; Task :theme:packageReleaseRenderscript NO-SOURCE&#10;&gt; Task :scanner:compileReleaseRenderscript NO-SOURCE&#10;&gt; Task :scanner:generateReleaseBuildConfig UP-TO-DATE&#10;&gt; Task :scanner:generateReleaseResValues UP-TO-DATE&#10;&gt; Task :scanner:generateReleaseResources UP-TO-DATE&#10;&gt; Task :scanner:packageReleaseResources UP-TO-DATE&#10;&gt; Task :scanner:parseReleaseLocalResources UP-TO-DATE&#10;&gt; Task :scanner:processReleaseManifest UP-TO-DATE&#10;&gt; Task :theme:compileReleaseRenderscript NO-SOURCE&#10;&gt; Task :theme:generateReleaseResValues UP-TO-DATE&#10;&gt; Task :theme:generateReleaseResources UP-TO-DATE&#10;&gt; Task :theme:packageReleaseResources UP-TO-DATE&#10;&gt; Task :theme:parseReleaseLocalResources UP-TO-DATE&#10;&gt; Task :theme:processReleaseManifest UP-TO-DATE&#10;&gt; Task :theme:generateReleaseRFile UP-TO-DATE&#10;&gt; Task :scanner:generateReleaseRFile FAILED&#10;&#10;FAILURE: Build failed with an exception.&#10;&#10;* What went wrong:&#10;Execution failed for task ':scanner:generateReleaseRFile'.&#10;&gt; Could not resolve all files for configuration ':scanner:releaseCompileClasspath'.&#10;   &gt; Could not find no.nordicsemi.android.common:navigation:1.0.0.&#10;     Required by:&#10;         project :scanner&#10;&#10;* Try:&#10;&gt; Run with --stacktrace option to get the stack trace.&#10;&gt; Run with --info or --debug option to get more log output.&#10;&gt; Run with --scan to get full insights.&#10;&#10;* Get more help at https://help.gradle.org&#10;&#10;BUILD FAILED in 25s&#10;45 actionable tasks: 5 executed, 40 up-to-date&#10;" />
        
      </testcase>
    
  </testsuite>
</testsuites>
